<?xml version="1.0" encoding="UTF-8"?>
<testng-results ignored="0" total="2" passed="2" failed="0" skipped="0">
  <reporter-output>
  </reporter-output>
  <suite started-at="2024-04-29T17:12:01 GMT" name="Suite" finished-at="2024-04-29T17:12:17 GMT" duration-ms="16194">
    <groups>
    </groups>
    <test started-at="2024-04-29T17:12:01 GMT" name="Test" finished-at="2024-04-29T17:12:17 GMT" duration-ms="16194">
      <class name="org.orangeHrm.test.LoginTest">
        <test-method is-config="true" signature="Setup()[pri:0, instance:org.orangeHrm.test.LoginTest@2ea41516]" started-at="2024-04-29T17:12:01 GMT" name="Setup" finished-at="2024-04-29T17:12:13 GMT" duration-ms="11923" status="PASS">
          <reporter-output>
          </reporter-output>
        </test-method> <!-- Setup -->
        <test-method signature="LoginPageTest()[pri:0, instance:org.orangeHrm.test.LoginTest@2ea41516]" started-at="2024-04-29T17:12:13 GMT" name="LoginPageTest" finished-at="2024-04-29T17:12:15 GMT" duration-ms="1741" status="PASS">
          <reporter-output>
          </reporter-output>
        </test-method> <!-- LoginPageTest -->
        <test-method signature="LogoutTest()[pri:0, instance:org.orangeHrm.test.LoginTest@2ea41516]" started-at="2024-04-29T17:12:15 GMT" name="LogoutTest" finished-at="2024-04-29T17:12:17 GMT" duration-ms="2279" status="PASS">
          <reporter-output>
          </reporter-output>
        </test-method> <!-- LogoutTest -->
        <test-method is-config="true" signature="TearDown()[pri:0, instance:org.orangeHrm.test.LoginTest@2ea41516]" started-at="2024-04-29T17:12:17 GMT" name="TearDown" finished-at="2024-04-29T17:12:17 GMT" duration-ms="181" status="PASS">
          <reporter-output>
          </reporter-output>
        </test-method> <!-- TearDown -->
      </class> <!-- org.orangeHrm.test.LoginTest -->
    </test> <!-- Test -->
  </suite> <!-- Suite -->
</testng-results>
