<?xml version="1.0" encoding="UTF-8"?>
<testng-results ignored="0" total="2" passed="2" failed="0" skipped="0">
  <reporter-output>
  </reporter-output>
  <suite started-at="2024-04-29T11:19:18 GMT" name="Suite" finished-at="2024-04-29T11:19:31 GMT" duration-ms="13487">
    <groups>
    </groups>
    <test started-at="2024-04-29T11:19:18 GMT" name="Test" finished-at="2024-04-29T11:19:31 GMT" duration-ms="13487">
      <class name="org.orangeHrm.test.LoginTest">
        <test-method is-config="true" signature="Setup()[pri:0, instance:org.orangeHrm.test.LoginTest@41e36e46]" started-at="2024-04-29T11:19:18 GMT" name="Setup" finished-at="2024-04-29T11:19:27 GMT" duration-ms="9397" status="PASS">
          <reporter-output>
          </reporter-output>
        </test-method> <!-- Setup -->
        <test-method signature="LoginPageTest()[pri:0, instance:org.orangeHrm.test.LoginTest@41e36e46]" started-at="2024-04-29T11:19:27 GMT" name="LoginPageTest" finished-at="2024-04-29T11:19:29 GMT" duration-ms="1673" status="PASS">
          <reporter-output>
          </reporter-output>
        </test-method> <!-- LoginPageTest -->
        <test-method signature="LogoutTest()[pri:0, instance:org.orangeHrm.test.LoginTest@41e36e46]" started-at="2024-04-29T11:19:29 GMT" name="LogoutTest" finished-at="2024-04-29T11:19:31 GMT" duration-ms="2174" status="PASS">
          <reporter-output>
          </reporter-output>
        </test-method> <!-- LogoutTest -->
        <test-method is-config="true" signature="TearDown()[pri:0, instance:org.orangeHrm.test.LoginTest@41e36e46]" started-at="2024-04-29T11:19:31 GMT" name="TearDown" finished-at="2024-04-29T11:19:31 GMT" duration-ms="202" status="PASS">
          <reporter-output>
          </reporter-output>
        </test-method> <!-- TearDown -->
      </class> <!-- org.orangeHrm.test.LoginTest -->
    </test> <!-- Test -->
  </suite> <!-- Suite -->
</testng-results>
